[debug] [2024-04-03T05:05:57.109Z] : 
[debug] [2024-04-03T05:05:57.110Z] : ----------------------------------------------------------------------
[debug] [2024-04-03T05:05:57.111Z] : Command:      /root/.nvm/versions/node/v14.18.2/bin/node /root/.nvm/versions/node/v14.18.2/pnpm-global/5/node_modules/zcatalyst-cli/lib/bin/catalyst.js login
[debug] [2024-04-03T05:05:57.111Z] : CLI Version:  1.17.4
[debug] [2024-04-03T05:05:57.111Z] : Platform:     linux
[debug] [2024-04-03T05:05:57.111Z] : Node Version: v14.18.2
[debug] [2024-04-03T05:05:57.111Z] : Time:         Wed Apr 03 2024 05:05:57 GMT+0000 (Coordinated Universal Time)
[debug] [2024-04-03T05:05:57.112Z] : ----------------------------------------------------------------------
[debug] [2024-04-03T05:05:57.112Z] : 
[info] [2024-04-03T05:06:07.455Z] : 
[info] [2024-04-03T05:06:07.456Z] : Visit this URL on this device to log in:
[info] [2024-04-03T05:06:07.466Z] : https://accounts.zoho.in/oauth/v2/auth?client_id=1000.D5IIHDXSPN2MII26AD0V61I6RMVSNM&scope=ZohoCatalyst.apigateway.apis.READ%20ZohoCatalyst.apigateway.apis.CREATE%20ZohoCatalyst.apigateway.apis.UPDATE%20ZohoCatalyst.apigateway.apis.DELETE%20ZohoCatalyst.apigateway.READ%20ZohoCatalyst.apigateway.UPDATE%20ZohoCatalyst.segments.ALL%20ZohoCatalyst.cache.READ%20ZohoCatalyst.cache.CREATE%20ZohoCatalyst.cache.DELETE%20ZohoCatalyst.queue.ALL%20ZohoCatalyst.queue.data.READ%20ZohoCatalyst.queue.data.CREATE%20ZohoCatalyst.projects.ALL%20ZohoCatalyst.project.export.READ%20ZohoCatalyst.project.export.CREATE%20ZohoCatalyst.project.import.READ%20ZohoCatalyst.project.import.CREATE%20ZohoCatalyst.project.import.DELETE%20ZohoCatalyst.cron.ALL%20ZohoCatalyst.zcql.CREATE%20ZohoCatalyst.webapp.ALL%20ZohoCatalyst.projects.users.READ%20ZohoCatalyst.projects.users.CREATE%20ZohoCatalyst.projects.users.DELETE%20ZohoCatalyst.projects.users.UPDATE%20ZohoCatalyst.email.CREATE%20ZohoCatalyst.tables.ALL%20ZohoCatalyst.tables.rows.ALL%20ZohoCatalyst.tables.columns.ALL%20ZohoCatalyst.tables.bulk.READ%20ZohoCatalyst.tables.bulk.CREATE%20ZohoCatalyst.folders.ALL%20ZohoCatalyst.files.CREATE%20ZohoCatalyst.files.READ%20ZohoCatalyst.files.DELETE%20ZohoCatalyst.functions.ALL%20ZohoCatalyst.functions.EXECUTE%20ZohoCatalyst.eventlistners.ALL%20ZohoCatalyst.eventlisteners.produce%20ZohoCatalyst.security.rules.Read%20ZohoCatalyst.security.rules.Update%20ZohoCatalyst.notifications.mobile%20ZohoCatalyst.notifications.web%20ZohoCatalyst.search.READ%20ZohoCatalyst.mlkit.READ%20QuickML.deployment.READ%20ZohoCatalyst.pdfshot.execute%20ZohoCatalyst.circuits.execute%20ZohoCatalyst.circuits.execution.READ%20ZohoCatalyst.circuits.execution.DELETE%20ZohoCatalyst.cli.logs.CREATE%20ZohoCatalyst.appsail.Read%20ZohoCatalyst.appsail.Create%20ZohoCatalyst.appsail.Update%20ZohoCatalyst.appsail.Delete%20AaaServer.profile.READ%20Stratus.sdkop.CREATE%20Stratus.sdkop.READ&response_type=code&access_type=offline&prompt=consent&redirect_uri=http%3A%2F%2Flocalhost%3A9005&state=MAtnO8Q0j60MmNBsu2iDXw%3D%3D
[info] [2024-04-03T05:06:07.467Z] : 
[debug] [2024-04-03T10:32:30.613Z] : 
[debug] [2024-04-03T10:32:30.617Z] : ----------------------------------------------------------------------
[debug] [2024-04-03T10:32:30.618Z] : Command:      /root/.nvm/versions/node/v14.18.2/bin/node /root/.nvm/versions/node/v14.18.2/pnpm-global/5/node_modules/zcatalyst-cli/lib/bin/catalyst.js login
[debug] [2024-04-03T10:32:30.618Z] : CLI Version:  1.17.4
[debug] [2024-04-03T10:32:30.619Z] : Platform:     linux
[debug] [2024-04-03T10:32:30.620Z] : Node Version: v14.18.2
[debug] [2024-04-03T10:32:30.765Z] : Time:         Wed Apr 03 2024 10:32:30 GMT+0000 (Coordinated Universal Time)
[debug] [2024-04-03T10:32:30.765Z] : ----------------------------------------------------------------------
[debug] [2024-04-03T10:32:30.766Z] : 
[info] [2024-04-03T10:34:00.437Z] : 
[info] [2024-04-03T10:34:00.439Z] : Visit this URL on this device to log in:
[info] [2024-04-03T10:34:00.441Z] : https://accounts.zoho.in/oauth/v2/auth?client_id=1000.D5IIHDXSPN2MII26AD0V61I6RMVSNM&scope=ZohoCatalyst.apigateway.apis.READ%20ZohoCatalyst.apigateway.apis.CREATE%20ZohoCatalyst.apigateway.apis.UPDATE%20ZohoCatalyst.apigateway.apis.DELETE%20ZohoCatalyst.apigateway.READ%20ZohoCatalyst.apigateway.UPDATE%20ZohoCatalyst.segments.ALL%20ZohoCatalyst.cache.READ%20ZohoCatalyst.cache.CREATE%20ZohoCatalyst.cache.DELETE%20ZohoCatalyst.queue.ALL%20ZohoCatalyst.queue.data.READ%20ZohoCatalyst.queue.data.CREATE%20ZohoCatalyst.projects.ALL%20ZohoCatalyst.project.export.READ%20ZohoCatalyst.project.export.CREATE%20ZohoCatalyst.project.import.READ%20ZohoCatalyst.project.import.CREATE%20ZohoCatalyst.project.import.DELETE%20ZohoCatalyst.cron.ALL%20ZohoCatalyst.zcql.CREATE%20ZohoCatalyst.webapp.ALL%20ZohoCatalyst.projects.users.READ%20ZohoCatalyst.projects.users.CREATE%20ZohoCatalyst.projects.users.DELETE%20ZohoCatalyst.projects.users.UPDATE%20ZohoCatalyst.email.CREATE%20ZohoCatalyst.tables.ALL%20ZohoCatalyst.tables.rows.ALL%20ZohoCatalyst.tables.columns.ALL%20ZohoCatalyst.tables.bulk.READ%20ZohoCatalyst.tables.bulk.CREATE%20ZohoCatalyst.folders.ALL%20ZohoCatalyst.files.CREATE%20ZohoCatalyst.files.READ%20ZohoCatalyst.files.DELETE%20ZohoCatalyst.functions.ALL%20ZohoCatalyst.functions.EXECUTE%20ZohoCatalyst.eventlistners.ALL%20ZohoCatalyst.eventlisteners.produce%20ZohoCatalyst.security.rules.Read%20ZohoCatalyst.security.rules.Update%20ZohoCatalyst.notifications.mobile%20ZohoCatalyst.notifications.web%20ZohoCatalyst.search.READ%20ZohoCatalyst.mlkit.READ%20QuickML.deployment.READ%20ZohoCatalyst.pdfshot.execute%20ZohoCatalyst.circuits.execute%20ZohoCatalyst.circuits.execution.READ%20ZohoCatalyst.circuits.execution.DELETE%20ZohoCatalyst.cli.logs.CREATE%20ZohoCatalyst.appsail.Read%20ZohoCatalyst.appsail.Create%20ZohoCatalyst.appsail.Update%20ZohoCatalyst.appsail.Delete%20AaaServer.profile.READ%20Stratus.sdkop.CREATE%20Stratus.sdkop.READ&response_type=code&access_type=offline&prompt=consent&redirect_uri=http%3A%2F%2Flocalhost%3A9005&state=GkV6423%2BJN2vFSwBb48b2A%3D%3D
[info] [2024-04-03T10:34:00.444Z] : 
